<?xml version="1.0" encoding="UTF-8"?>
<testsuite name="TestCalculator" tests="4" skipped="0" failures="0" errors="0" timestamp="2022-12-12T16:54:17" hostname="DESKTOP-REE8L6E" time="0.022">
  <properties/>
  <testcase name="subtraction()" classname="TestCalculator" time="0.019"/>
  <testcase name="division()" classname="TestCalculator" time="0.001"/>
  <testcase name="multiplication()" classname="TestCalculator" time="0.001"/>
  <testcase name="summation()" classname="TestCalculator" time="0.001"/>
  <system-out><![CDATA[]]></system-out>
  <system-err><![CDATA[]]></system-err>
</testsuite>
